<?xml version="1.0" encoding="UTF-8"?>
<!-- Generated by org.testng.reporters.JUnitXMLReporter -->
<testsuite hostname="DESKTOP-M2JJACB" ignored="0" name="Test" tests="13" failures="2" timestamp="21 Feb 2022 16:34:48 GMT" time="0.203" errors="0">
  <testcase name="tc" time="0.028" classname="com.dayseventh.Sample">
    <skipped/>
  </testcase> <!-- tc -->
  <testcase name="tc" time="0.003" classname="com.dayseventh.Sample">
    <skipped/>
  </testcase> <!-- tc -->
  <testcase name="tc" time="0.003" classname="com.dayseventh.Sample">
    <skipped/>
  </testcase> <!-- tc -->
  <testcase name="tc" time="0.003" classname="com.dayseventh.Sample">
    <failure type="java.lang.AssertionError" message="expected [true] but found [false]">
      <![CDATA[java.lang.AssertionError: expected [true] but found [false]
at com.dayseventh.Sample.tc(Sample.java:25)
... Removed 29 stack frames]]>
    </failure>
  </testcase> <!-- tc -->
  <testcase name="tc1" time="0.002" classname="com.dayseventh.Sample"/>
  <testcase name="tc2" time="0.002" classname="com.dayseventh.Sample"/>
  <testcase name="tc3" time="0.002" classname="com.dayseventh.Sample"/>
  <testcase name="tc4" time="0.002" classname="com.dayseventh.Sample"/>
  <testcase name="tc5" time="0.002" classname="com.dayseventh.Sample"/>
  <testcase name="tc7" time="0.002" classname="com.dayseventh.Sample">
    <skipped/>
  </testcase> <!-- tc7 -->
  <testcase name="tc7" time="0.003" classname="com.dayseventh.Sample">
    <skipped/>
  </testcase> <!-- tc7 -->
  <testcase name="tc7" time="0.002" classname="com.dayseventh.Sample">
    <skipped/>
  </testcase> <!-- tc7 -->
  <testcase name="tc7" time="0.008" classname="com.dayseventh.Sample">
    <failure type="java.lang.AssertionError" message="expected [true] but found [false]">
      <![CDATA[java.lang.AssertionError: expected [true] but found [false]
at com.dayseventh.Sample.tc7(Sample.java:15)
... Removed 29 stack frames]]>
    </failure>
  </testcase> <!-- tc7 -->
</testsuite> <!-- Test -->
