<?xml version="1.0" encoding="UTF-8"?>
<!-- Generated by org.testng.reporters.JUnitXMLReporter -->
<testsuite hostname="DESKTOP-M2JJACB" ignored="3" name="Default test(failed)(failed)" tests="2" failures="2" timestamp="19 Feb 2022 15:34:01 GMT" time="0.129" errors="0">
  <testcase name="tc3" time="0.037" classname="com.daysixth.Sample">
    <failure type="java.lang.AssertionError" message="expected [true] but found [false]">
      <![CDATA[java.lang.AssertionError: expected [true] but found [false]
at com.daysixth.Sample.tc3(Sample.java:21)
... Removed 29 stack frames]]>
    </failure>
  </testcase> <!-- tc3 -->
  <testcase name="tc4" time="0.003" classname="com.daysixth.Sample">
    <failure type="java.lang.AssertionError" message="expected [true] but found [false]">
      <![CDATA[java.lang.AssertionError: expected [true] but found [false]
at com.daysixth.Sample.tc4(Sample.java:28)
... Removed 29 stack frames]]>
    </failure>
  </testcase> <!-- tc4 -->
  <testcase name="tc5" time="0.0" classname="com.daysixth.Sample">
    <ignored/>
  </testcase> <!-- tc5 -->
  <testcase name="tc2" time="0.0" classname="com.daysixth.Sample">
    <ignored/>
  </testcase> <!-- tc2 -->
  <testcase name="tc1" time="0.0" classname="com.daysixth.Sample">
    <ignored/>
  </testcase> <!-- tc1 -->
</testsuite> <!-- Default test(failed)(failed) -->
